<?xml version="1.0" encoding="UTF-8"?>
<testsuite xmlns:xsi="http://www.w3.org/2001/XMLSchema-instance" xsi:schemaLocation="https://maven.apache.org/surefire/maven-surefire-plugin/xsd/surefire-test-report.xsd" name="com.opentable.extension.BodyTransformerTest" time="3.141" tests="20" errors="0" skipped="0" failures="0">
  <properties>
[...]
</properties>
  <testcase name="nullVariableNotFound" classname="com.opentable.extension.BodyTransformerTest" time="1.613"/>
  <testcase name="doesNotApplyGlobally" classname="com.opentable.extension.BodyTransformerTest" time="0.025"/>
  <testcase name="testGetWithBadParameters" classname="com.opentable.extension.BodyTransformerTest" time="0.07"/>
  <testcase name="replaceElementAttributesForXml" classname="com.opentable.extension.BodyTransformerTest" time="0.061"/>
  <testcase name="testGetWithParameters" classname="com.opentable.extension.BodyTransformerTest" time="0.063"/>
  <testcase name="withBodyFileName" classname="com.opentable.extension.BodyTransformerTest" time="0.035"/>
  <testcase name="replaceVariableHolderForXml" classname="com.opentable.extension.BodyTransformerTest" time="0.03"/>
  <testcase name="replaceVariableHolderFromKeyValueRequest" classname="com.opentable.extension.BodyTransformerTest" time="0.03"/>
  <testcase name="testKeyValueAsQueryString" classname="com.opentable.extension.BodyTransformerTest" time="0.025"/>
  <testcase name="replaceNestedVariablesForXml" classname="com.opentable.extension.BodyTransformerTest" time="0.03"/>
  <testcase name="urlRegexParameterWillReplaceFieldFromXmlBodyWithSameName" classname="com.opentable.extension.BodyTransformerTest" time="0.024"/>
  <testcase name="urlRegexParameterWithNameValueWillReplaceRootFieldFromXmlBodyWhenOnlyRootField" classname="com.opentable.extension.BodyTransformerTest" time="0.019"/>
  <testcase name="urlRegexParameterWillReplaceFieldFromJsonBodyWithSameName" classname="com.opentable.extension.BodyTransformerTest" time="0.025"/>
  <testcase name="replaceNestedVariables" classname="com.opentable.extension.BodyTransformerTest" time="0.028"/>
  <testcase name="injectRandomInteger" classname="com.opentable.extension.BodyTransformerTest" time="0.077"/>
  <testcase name="urlRegexParameterWillReplaceFieldFromKeyValueBodyRequestWithSameName" classname="com.opentable.extension.BodyTransformerTest" time="0.033"/>
  <testcase name="replaceVariableHolder" classname="com.opentable.extension.BodyTransformerTest" time="0.026"/>
  <testcase name="testEmptyBodyAndEmptyBodyFile" classname="com.opentable.extension.BodyTransformerTest" time="0.012"/>
  <testcase name="replaceVariableHolderFromKeyRequest" classname="com.opentable.extension.BodyTransformerTest" time="0.027"/>
  <testcase name="willReturnFieldWithNameValueWhenOnlyRootElementForXml" classname="com.opentable.extension.BodyTransformerTest" time="0.018"/>
</testsuite>